[INFO] Scanning for projects...
[INFO] 
[INFO] -----------------< dev.gonjy:patrol-spectator-plugin >------------------
[INFO] Building PatrolSpectatorPlugin 1.8.1
[INFO]   from pom.xml
[INFO] --------------------------------[ jar ]---------------------------------
Downloading from papermc: https://repo.papermc.io/repository/maven-public/org/junit/platform/junit-platform-commons/6.0.1/junit-platform-commons-6.0.1.pom
Progress (1): 0.2/3.0 kB
Progress (1): 1.6/3.0 kB
Progress (1): 3.0/3.0 kB
Progress (1): 3.0 kB    
                    
Downloaded from papermc: https://repo.papermc.io/repository/maven-public/org/junit/platform/junit-platform-commons/6.0.1/junit-platform-commons-6.0.1.pom (3.0 kB at 2.6 kB/s)
Downloading from papermc: https://repo.papermc.io/repository/maven-public/net/kyori/adventure-text-serializer-json/4.21.0/adventure-text-serializer-json-4.21.0.pom
Progress (1): 1.4/3.2 kB
Progress (1): 2.7/3.2 kB
Progress (1): 3.2 kB    
                    
Downloaded from papermc: https://repo.papermc.io/repository/maven-public/net/kyori/adventure-text-serializer-json/4.21.0/adventure-text-serializer-json-4.21.0.pom (3.2 kB at 10 kB/s)
Downloading from papermc: https://repo.papermc.io/repository/maven-public/net/kyori/option/1.1.0/option-1.1.0.pom
Progress (1): 0.3/2.2 kB
Progress (1): 1.7/2.2 kB
Progress (1): 2.2 kB    
                    
Downloaded from papermc: https://repo.papermc.io/repository/maven-public/net/kyori/option/1.1.0/option-1.1.0.pom (2.2 kB at 6.6 kB/s)
Downloading from papermc: https://repo.papermc.io/repository/maven-public/net/kyori/adventure-text-serializer-commons/4.21.0/adventure-text-serializer-commons-4.21.0.pom
Progress (1): 1.4/2.9 kB
Progress (1): 2.7/2.9 kB
Progress (1): 2.9 kB    
                    
Downloaded from papermc: https://repo.papermc.io/repository/maven-public/net/kyori/adventure-text-serializer-commons/4.21.0/adventure-text-serializer-commons-4.21.0.pom (2.9 kB at 8.2 kB/s)
[INFO] 
[INFO] --- resources:3.3.1:resources (default-resources) @ patrol-spectator-plugin ---
[INFO] Copying 3 resources from src\main\resources to target\classes
[INFO] 
[INFO] --- compiler:3.11.0:compile (default-compile) @ patrol-spectator-plugin ---
[INFO] Nothing to compile - all classes are up to date
[INFO] 
[INFO] --- resources:3.3.1:testResources (default-testResources) @ patrol-spectator-plugin ---
[INFO] skip non existing resourceDirectory C:\Users\gonjy\Projects\Private\PatrolSpectatorPlugin\src\test\resources
[INFO] 
[INFO] --- compiler:3.11.0:testCompile (default-testCompile) @ patrol-spectator-plugin ---
[INFO] Nothing to compile - all classes are up to date
[INFO] 
[INFO] --- surefire:3.2.2:test (default-test) @ patrol-spectator-plugin ---
[INFO] Using auto detected provider org.apache.maven.surefire.junitplatform.JUnitPlatformProvider
[INFO] 
[INFO] -------------------------------------------------------
[INFO]  T E S T S
[INFO] -------------------------------------------------------
[INFO] Running dev.gonjy.patrolspectator.TouristLocationTest
[ERROR] Tests run: 1, Failures: 0, Errors: 1, Skipped: 0, Time elapsed: 0.008 s <<< FAILURE! -- in dev.gonjy.patrolspectator.TouristLocationTest
[ERROR] dev.gonjy.patrolspectator.TouristLocationTest -- Time elapsed: 0.008 s <<< ERROR!
java.lang.NoClassDefFoundError: ServerMock
	at java.base/java.lang.Class.getDeclaredFields0(Native Method)
	at java.base/java.lang.Class.privateGetDeclaredFields(Class.java:3473)
	at java.base/java.lang.Class.getDeclaredFields(Class.java:2542)
	at java.base/java.util.ArrayList.forEach(ArrayList.java:1596)
Caused by: java.lang.ClassNotFoundException: ServerMock
	at java.base/jdk.internal.loader.BuiltinClassLoader.loadClass(BuiltinClassLoader.java:641)
	at java.base/jdk.internal.loader.ClassLoaders$AppClassLoader.loadClass(ClassLoaders.java:188)
	at java.base/java.lang.ClassLoader.loadClass(ClassLoader.java:526)
	... 4 more

[INFO] 
[INFO] Results:
[INFO] 
[ERROR] Errors: 
[ERROR]   TouristLocationTest ﾂｻ NoClassDefFound ServerMock
[INFO] 
[ERROR] Tests run: 1, Failures: 0, Errors: 1, Skipped: 0
[INFO] 
[INFO] ------------------------------------------------------------------------
[INFO] BUILD FAILURE
[INFO] ------------------------------------------------------------------------
[INFO] Total time:  4.934 s
[INFO] Finished at: 2025-11-20T07:08:14+09:00
[INFO] ------------------------------------------------------------------------
[ERROR] Failed to execute goal org.apache.maven.plugins:maven-surefire-plugin:3.2.2:test (default-test) on project patrol-spectator-plugin: 
[ERROR] 
[ERROR] Please refer to C:\Users\gonjy\Projects\Private\PatrolSpectatorPlugin\target\surefire-reports for the individual test results.
[ERROR] Please refer to dump files (if any exist) [date].dump, [date]-jvmRun[N].dump and [date].dumpstream.
[ERROR] -> [Help 1]
[ERROR] 
[ERROR] To see the full stack trace of the errors, re-run Maven with the -e switch.
[ERROR] Re-run Maven using the -X switch to enable full debug logging.
[ERROR] 
[ERROR] For more information about the errors and possible solutions, please read the following articles:
[ERROR] [Help 1] http://cwiki.apache.org/confluence/display/MAVEN/MojoFailureException
